2017-09-22 11:25:09.155  INFO 12092 --- [main] c.j.cn.SpringbootGradleIdeaApplication   : Starting SpringbootGradleIdeaApplication on HLJY2G3W4ME069A with PID 12092 (started by Administrator in D:\work\intellij idea2016\workSpace\springboot-gradle-idea)
2017-09-22 11:25:09.160  INFO 12092 --- [main] c.j.cn.SpringbootGradleIdeaApplication   : The following profiles are active: dev
2017-09-22 11:25:09.647  INFO 12092 --- [main] ationConfigEmbeddedWebApplicationContext : Refreshing org.springframework.boot.context.embedded.AnnotationConfigEmbeddedWebApplicationContext@6b44435b: startup date [Fri Sep 22 11:25:09 CST 2017]; root of context hierarchy
2017-09-22 11:25:12.444  INFO 12092 --- [main] org.xnio                                 : XNIO version 3.3.8.Final
2017-09-22 11:25:12.472  INFO 12092 --- [main] org.xnio.nio                             : XNIO NIO Implementation Version 3.3.8.Final
2017-09-22 11:25:12.622  WARN 12092 --- [main] io.undertow.websockets.jsr               : UT026009: XNIO worker was not set on WebSocketDeploymentInfo, the default worker will be used
2017-09-22 11:25:12.623  WARN 12092 --- [main] io.undertow.websockets.jsr               : UT026010: Buffer pool was not set on WebSocketDeploymentInfo, the default pool will be used
2017-09-22 11:25:12.663  INFO 12092 --- [main] io.undertow.servlet                      : Initializing Spring embedded WebApplicationContext
2017-09-22 11:25:12.664  INFO 12092 --- [main] o.s.web.context.ContextLoader            : Root WebApplicationContext: initialization completed in 3017 ms
2017-09-22 11:25:12.924  INFO 12092 --- [main] o.s.b.w.servlet.ServletRegistrationBean  : Mapping servlet: 'dispatcherServlet' to [/]
2017-09-22 11:25:12.934  INFO 12092 --- [main] o.s.b.w.servlet.FilterRegistrationBean   : Mapping filter: 'characterEncodingFilter' to: [/*]
2017-09-22 11:25:12.936  INFO 12092 --- [main] o.s.b.w.servlet.FilterRegistrationBean   : Mapping filter: 'hiddenHttpMethodFilter' to: [/*]
2017-09-22 11:25:12.936  INFO 12092 --- [main] o.s.b.w.servlet.FilterRegistrationBean   : Mapping filter: 'httpPutFormContentFilter' to: [/*]
2017-09-22 11:25:12.936  INFO 12092 --- [main] o.s.b.w.servlet.FilterRegistrationBean   : Mapping filter: 'requestContextFilter' to: [/*]
2017-09-22 11:25:12.936  INFO 12092 --- [main] o.s.b.w.servlet.FilterRegistrationBean   : Mapping filter: 'resourceUrlEncodingFilter' to: [/*]
2017-09-22 11:25:13.601  INFO 12092 --- [main] s.w.s.m.m.a.RequestMappingHandlerAdapter : Looking for @ControllerAdvice: org.springframework.boot.context.embedded.AnnotationConfigEmbeddedWebApplicationContext@6b44435b: startup date [Fri Sep 22 11:25:09 CST 2017]; root of context hierarchy
2017-09-22 11:25:13.725  INFO 12092 --- [main] s.w.s.m.m.a.RequestMappingHandlerMapping : Mapped "{[/hello]}" onto public java.lang.String com.jingao.cn.controller.HelloController.hello()
2017-09-22 11:25:13.731  INFO 12092 --- [main] s.w.s.m.m.a.RequestMappingHandlerMapping : Mapped "{[/error]}" onto public org.springframework.http.ResponseEntity<java.util.Map<java.lang.String, java.lang.Object>> org.springframework.boot.autoconfigure.web.BasicErrorController.error(javax.servlet.http.HttpServletRequest)
2017-09-22 11:25:13.731  INFO 12092 --- [main] s.w.s.m.m.a.RequestMappingHandlerMapping : Mapped "{[/error],produces=[text/html]}" onto public org.springframework.web.servlet.ModelAndView org.springframework.boot.autoconfigure.web.BasicErrorController.errorHtml(javax.servlet.http.HttpServletRequest,javax.servlet.http.HttpServletResponse)
2017-09-22 11:25:13.810  INFO 12092 --- [main] o.s.w.s.handler.SimpleUrlHandlerMapping  : Mapped URL path [/webjars/**] onto handler of type [class org.springframework.web.servlet.resource.ResourceHttpRequestHandler]
2017-09-22 11:25:13.810  INFO 12092 --- [main] o.s.w.s.handler.SimpleUrlHandlerMapping  : Mapped URL path [/**] onto handler of type [class org.springframework.web.servlet.resource.ResourceHttpRequestHandler]
2017-09-22 11:25:13.906  INFO 12092 --- [main] o.s.w.s.handler.SimpleUrlHandlerMapping  : Mapped URL path [/**/favicon.ico] onto handler of type [class org.springframework.web.servlet.resource.ResourceHttpRequestHandler]
2017-09-22 11:25:14.899  INFO 12092 --- [main] o.s.j.e.a.AnnotationMBeanExporter        : Registering beans for JMX exposure on startup
2017-09-22 11:25:14.990  INFO 12092 --- [main] b.c.e.u.UndertowEmbeddedServletContainer : Undertow started on port(s) 8080 (http)
2017-09-22 11:25:15.005  INFO 12092 --- [main] c.j.cn.SpringbootGradleIdeaApplication   : Started SpringbootGradleIdeaApplication in 7.544 seconds (JVM running for 11.081)
2017-09-22 11:25:22.670  INFO 12092 --- [XNIO-2 task-1] io.undertow.servlet                      : Initializing Spring FrameworkServlet 'dispatcherServlet'
2017-09-22 11:25:22.671  INFO 12092 --- [XNIO-2 task-1] o.s.web.servlet.DispatcherServlet        : FrameworkServlet 'dispatcherServlet': initialization started
2017-09-22 11:25:22.691  INFO 12092 --- [XNIO-2 task-1] o.s.web.servlet.DispatcherServlet        : FrameworkServlet 'dispatcherServlet': initialization completed in 20 ms
2017-09-22 11:25:22.952 ERROR 12092 --- [XNIO-2 task-1] org.thymeleaf.TemplateEngine             : [THYMELEAF][XNIO-2 task-1] Exception processing template "/hello": Template mode "HTML" has not been configured
2017-09-22 11:25:22.968 ERROR 12092 --- [XNIO-2 task-1] io.undertow.request                      : UT005023: Exception handling request to /hello

org.springframework.web.util.NestedServletException: Request processing failed; nested exception is org.thymeleaf.exceptions.TemplateInputException: Template mode "HTML" has not been configured
	at org.springframework.web.servlet.FrameworkServlet.processRequest(FrameworkServlet.java:982) ~[spring-webmvc-4.3.11.RELEASE.jar:4.3.11.RELEASE]
	at org.springframework.web.servlet.FrameworkServlet.doGet(FrameworkServlet.java:861) ~[spring-webmvc-4.3.11.RELEASE.jar:4.3.11.RELEASE]
	at javax.servlet.http.HttpServlet.service(HttpServlet.java:687) ~[javax.servlet-api-3.1.0.jar:3.1.0]
	at org.springframework.web.servlet.FrameworkServlet.service(FrameworkServlet.java:846) ~[spring-webmvc-4.3.11.RELEASE.jar:4.3.11.RELEASE]
	at javax.servlet.http.HttpServlet.service(HttpServlet.java:790) ~[javax.servlet-api-3.1.0.jar:3.1.0]
	at io.undertow.servlet.handlers.ServletHandler.handleRequest(ServletHandler.java:85) ~[undertow-servlet-1.4.20.Final.jar:1.4.20.Final]
	at io.undertow.servlet.handlers.FilterHandler$FilterChainImpl.doFilter(FilterHandler.java:129) ~[undertow-servlet-1.4.20.Final.jar:1.4.20.Final]
	at org.springframework.web.servlet.resource.ResourceUrlEncodingFilter.doFilter(ResourceUrlEncodingFilter.java:59) ~[spring-webmvc-4.3.11.RELEASE.jar:4.3.11.RELEASE]
	at io.undertow.servlet.core.ManagedFilter.doFilter(ManagedFilter.java:61) ~[undertow-servlet-1.4.20.Final.jar:1.4.20.Final]
	at io.undertow.servlet.handlers.FilterHandler$FilterChainImpl.doFilter(FilterHandler.java:131) ~[undertow-servlet-1.4.20.Final.jar:1.4.20.Final]
	at org.springframework.web.filter.RequestContextFilter.doFilterInternal(RequestContextFilter.java:99) ~[spring-web-4.3.11.RELEASE.jar:4.3.11.RELEASE]
	at org.springframework.web.filter.OncePerRequestFilter.doFilter(OncePerRequestFilter.java:107) ~[spring-web-4.3.11.RELEASE.jar:4.3.11.RELEASE]
	at io.undertow.servlet.core.ManagedFilter.doFilter(ManagedFilter.java:61) ~[undertow-servlet-1.4.20.Final.jar:1.4.20.Final]
	at io.undertow.servlet.handlers.FilterHandler$FilterChainImpl.doFilter(FilterHandler.java:131) ~[undertow-servlet-1.4.20.Final.jar:1.4.20.Final]
	at org.springframework.web.filter.HttpPutFormContentFilter.doFilterInternal(HttpPutFormContentFilter.java:108) ~[spring-web-4.3.11.RELEASE.jar:4.3.11.RELEASE]
	at org.springframework.web.filter.OncePerRequestFilter.doFilter(OncePerRequestFilter.java:107) ~[spring-web-4.3.11.RELEASE.jar:4.3.11.RELEASE]
	at io.undertow.servlet.core.ManagedFilter.doFilter(ManagedFilter.java:61) ~[undertow-servlet-1.4.20.Final.jar:1.4.20.Final]
	at io.undertow.servlet.handlers.FilterHandler$FilterChainImpl.doFilter(FilterHandler.java:131) ~[undertow-servlet-1.4.20.Final.jar:1.4.20.Final]
	at org.springframework.web.filter.HiddenHttpMethodFilter.doFilterInternal(HiddenHttpMethodFilter.java:81) ~[spring-web-4.3.11.RELEASE.jar:4.3.11.RELEASE]
	at org.springframework.web.filter.OncePerRequestFilter.doFilter(OncePerRequestFilter.java:107) ~[spring-web-4.3.11.RELEASE.jar:4.3.11.RELEASE]
	at io.undertow.servlet.core.ManagedFilter.doFilter(ManagedFilter.java:61) ~[undertow-servlet-1.4.20.Final.jar:1.4.20.Final]
	at io.undertow.servlet.handlers.FilterHandler$FilterChainImpl.doFilter(FilterHandler.java:131) ~[undertow-servlet-1.4.20.Final.jar:1.4.20.Final]
	at org.springframework.web.filter.CharacterEncodingFilter.doFilterInternal(CharacterEncodingFilter.java:197) ~[spring-web-4.3.11.RELEASE.jar:4.3.11.RELEASE]
	at org.springframework.web.filter.OncePerRequestFilter.doFilter(OncePerRequestFilter.java:107) ~[spring-web-4.3.11.RELEASE.jar:4.3.11.RELEASE]
	at io.undertow.servlet.core.ManagedFilter.doFilter(ManagedFilter.java:61) ~[undertow-servlet-1.4.20.Final.jar:1.4.20.Final]
	at io.undertow.servlet.handlers.FilterHandler$FilterChainImpl.doFilter(FilterHandler.java:131) ~[undertow-servlet-1.4.20.Final.jar:1.4.20.Final]
	at io.undertow.servlet.handlers.FilterHandler.handleRequest(FilterHandler.java:84) ~[undertow-servlet-1.4.20.Final.jar:1.4.20.Final]
	at io.undertow.servlet.handlers.security.ServletSecurityRoleHandler.handleRequest(ServletSecurityRoleHandler.java:62) ~[undertow-servlet-1.4.20.Final.jar:1.4.20.Final]
	at io.undertow.servlet.handlers.ServletChain$1.handleRequest(ServletChain.java:64) ~[undertow-servlet-1.4.20.Final.jar:1.4.20.Final]
	at io.undertow.servlet.handlers.ServletDispatchingHandler.handleRequest(ServletDispatchingHandler.java:36) ~[undertow-servlet-1.4.20.Final.jar:1.4.20.Final]
	at io.undertow.servlet.handlers.security.SSLInformationAssociationHandler.handleRequest(SSLInformationAssociationHandler.java:131) ~[undertow-servlet-1.4.20.Final.jar:1.4.20.Final]
	at io.undertow.servlet.handlers.security.ServletAuthenticationCallHandler.handleRequest(ServletAuthenticationCallHandler.java:57) ~[undertow-servlet-1.4.20.Final.jar:1.4.20.Final]
	at io.undertow.server.handlers.PredicateHandler.handleRequest(PredicateHandler.java:43) ~[undertow-core-1.4.20.Final.jar:1.4.20.Final]
	at io.undertow.security.handlers.AbstractConfidentialityHandler.handleRequest(AbstractConfidentialityHandler.java:46) ~[undertow-core-1.4.20.Final.jar:1.4.20.Final]
	at io.undertow.servlet.handlers.security.ServletConfidentialityConstraintHandler.handleRequest(ServletConfidentialityConstraintHandler.java:64) ~[undertow-servlet-1.4.20.Final.jar:1.4.20.Final]
	at io.undertow.security.handlers.AuthenticationMechanismsHandler.handleRequest(AuthenticationMechanismsHandler.java:60) ~[undertow-core-1.4.20.Final.jar:1.4.20.Final]
	at io.undertow.servlet.handlers.security.CachedAuthenticatedSessionHandler.handleRequest(CachedAuthenticatedSessionHandler.java:77) ~[undertow-servlet-1.4.20.Final.jar:1.4.20.Final]
	at io.undertow.security.handlers.AbstractSecurityContextAssociationHandler.handleRequest(AbstractSecurityContextAssociationHandler.java:43) ~[undertow-core-1.4.20.Final.jar:1.4.20.Final]
	at io.undertow.server.handlers.PredicateHandler.handleRequest(PredicateHandler.java:43) ~[undertow-core-1.4.20.Final.jar:1.4.20.Final]
	at io.undertow.server.handlers.PredicateHandler.handleRequest(PredicateHandler.java:43) ~[undertow-core-1.4.20.Final.jar:1.4.20.Final]
	at io.undertow.servlet.handlers.ServletInitialHandler.jrHandle(ServletInitialHandler.java) [undertow-servlet-1.4.20.Final.jar:1.4.20.Final]
	at org.zeroturnaround.javarebel.integration.servlet.undertow.cbp.ServletInitialHandlerCBP.handleRequest(ServletInitialHandlerCBP.java:98) ~[ServletInitialHandlerCBP.class:na]
	at io.undertow.servlet.handlers.ServletInitialHandler.handleFirstRequest(ServletInitialHandler.java:292) [undertow-servlet-1.4.20.Final.jar:1.4.20.Final]
	at io.undertow.servlet.handlers.ServletInitialHandler.access$100(ServletInitialHandler.java:81) [undertow-servlet-1.4.20.Final.jar:1.4.20.Final]
	at io.undertow.servlet.handlers.ServletInitialHandler$2.call(ServletInitialHandler.java:138) ~[undertow-servlet-1.4.20.Final.jar:1.4.20.Final]
	at io.undertow.servlet.handlers.ServletInitialHandler$2.call(ServletInitialHandler.java:135) ~[undertow-servlet-1.4.20.Final.jar:1.4.20.Final]
	at io.undertow.servlet.core.ServletRequestContextThreadSetupAction$1.call(ServletRequestContextThreadSetupAction.java:48) ~[undertow-servlet-1.4.20.Final.jar:1.4.20.Final]
	at io.undertow.servlet.core.ContextClassLoaderSetupAction$1.call(ContextClassLoaderSetupAction.java:43) ~[undertow-servlet-1.4.20.Final.jar:1.4.20.Final]
	at io.undertow.servlet.handlers.ServletInitialHandler.dispatchRequest(ServletInitialHandler.java:272) [undertow-servlet-1.4.20.Final.jar:1.4.20.Final]
	at io.undertow.servlet.handlers.ServletInitialHandler.access$000(ServletInitialHandler.java:81) [undertow-servlet-1.4.20.Final.jar:1.4.20.Final]
	at io.undertow.servlet.handlers.ServletInitialHandler$1.handleRequest(ServletInitialHandler.java:104) [undertow-servlet-1.4.20.Final.jar:1.4.20.Final]
	at io.undertow.server.Connectors.executeRootHandler(Connectors.java:332) [undertow-core-1.4.20.Final.jar:1.4.20.Final]
	at io.undertow.server.HttpServerExchange$1.run(HttpServerExchange.java:812) [undertow-core-1.4.20.Final.jar:1.4.20.Final]
	at java.util.concurrent.ThreadPoolExecutor.runWorker(ThreadPoolExecutor.java:1142) [na:1.8.0_111]
	at java.util.concurrent.ThreadPoolExecutor$Worker.run(ThreadPoolExecutor.java:617) [na:1.8.0_111]
	at java.lang.Thread.run(Thread.java:745) [na:1.8.0_111]
Caused by: org.thymeleaf.exceptions.TemplateInputException: Template mode "HTML" has not been configured
	at org.thymeleaf.TemplateRepository.getTemplate(TemplateRepository.java:256) ~[thymeleaf-2.1.5.RELEASE.jar:2.1.5.RELEASE]
	at org.thymeleaf.TemplateEngine.process(TemplateEngine.java:1104) ~[thymeleaf-2.1.5.RELEASE.jar:2.1.5.RELEASE]
	at org.thymeleaf.TemplateEngine.process(TemplateEngine.java:1060) ~[thymeleaf-2.1.5.RELEASE.jar:2.1.5.RELEASE]
	at org.thymeleaf.TemplateEngine.process(TemplateEngine.java:1011) ~[thymeleaf-2.1.5.RELEASE.jar:2.1.5.RELEASE]
	at org.thymeleaf.spring4.view.ThymeleafView.renderFragment(ThymeleafView.java:335) ~[thymeleaf-spring4-2.1.5.RELEASE.jar:2.1.5.RELEASE]
	at org.thymeleaf.spring4.view.ThymeleafView.render(ThymeleafView.java:190) ~[thymeleaf-spring4-2.1.5.RELEASE.jar:2.1.5.RELEASE]
	at org.springframework.web.servlet.DispatcherServlet.render(DispatcherServlet.java:1286) ~[spring-webmvc-4.3.11.RELEASE.jar:4.3.11.RELEASE]
	at org.springframework.web.servlet.DispatcherServlet.processDispatchResult(DispatcherServlet.java:1041) ~[spring-webmvc-4.3.11.RELEASE.jar:4.3.11.RELEASE]
	at org.springframework.web.servlet.DispatcherServlet.doDispatch(DispatcherServlet.java:984) ~[spring-webmvc-4.3.11.RELEASE.jar:4.3.11.RELEASE]
	at org.springframework.web.servlet.DispatcherServlet.doService(DispatcherServlet.java:901) ~[spring-webmvc-4.3.11.RELEASE.jar:4.3.11.RELEASE]
	at org.springframework.web.servlet.FrameworkServlet.processRequest(FrameworkServlet.java:970) ~[spring-webmvc-4.3.11.RELEASE.jar:4.3.11.RELEASE]
	... 55 common frames omitted

2017-09-22 11:26:16.284  INFO 11772 --- [main] c.j.cn.SpringbootGradleIdeaApplication   : Starting SpringbootGradleIdeaApplication on HLJY2G3W4ME069A with PID 11772 (started by Administrator in D:\work\intellij idea2016\workSpace\springboot-gradle-idea)
2017-09-22 11:26:16.290  INFO 11772 --- [main] c.j.cn.SpringbootGradleIdeaApplication   : The following profiles are active: dev
2017-09-22 11:26:16.688  INFO 11772 --- [main] ationConfigEmbeddedWebApplicationContext : Refreshing org.springframework.boot.context.embedded.AnnotationConfigEmbeddedWebApplicationContext@37c7595: startup date [Fri Sep 22 11:26:16 CST 2017]; root of context hierarchy
2017-09-22 11:26:19.086  INFO 11772 --- [main] org.xnio                                 : XNIO version 3.3.8.Final
2017-09-22 11:26:19.124  INFO 11772 --- [main] org.xnio.nio                             : XNIO NIO Implementation Version 3.3.8.Final
2017-09-22 11:26:19.269  WARN 11772 --- [main] io.undertow.websockets.jsr               : UT026009: XNIO worker was not set on WebSocketDeploymentInfo, the default worker will be used
2017-09-22 11:26:19.269  WARN 11772 --- [main] io.undertow.websockets.jsr               : UT026010: Buffer pool was not set on WebSocketDeploymentInfo, the default pool will be used
2017-09-22 11:26:19.310  INFO 11772 --- [main] io.undertow.servlet                      : Initializing Spring embedded WebApplicationContext
2017-09-22 11:26:19.310  INFO 11772 --- [main] o.s.web.context.ContextLoader            : Root WebApplicationContext: initialization completed in 2622 ms
2017-09-22 11:26:19.541  INFO 11772 --- [main] o.s.b.w.servlet.ServletRegistrationBean  : Mapping servlet: 'dispatcherServlet' to [/]
2017-09-22 11:26:19.549  INFO 11772 --- [main] o.s.b.w.servlet.FilterRegistrationBean   : Mapping filter: 'characterEncodingFilter' to: [/*]
2017-09-22 11:26:19.551  INFO 11772 --- [main] o.s.b.w.servlet.FilterRegistrationBean   : Mapping filter: 'hiddenHttpMethodFilter' to: [/*]
2017-09-22 11:26:19.551  INFO 11772 --- [main] o.s.b.w.servlet.FilterRegistrationBean   : Mapping filter: 'httpPutFormContentFilter' to: [/*]
2017-09-22 11:26:19.552  INFO 11772 --- [main] o.s.b.w.servlet.FilterRegistrationBean   : Mapping filter: 'requestContextFilter' to: [/*]
2017-09-22 11:26:19.552  INFO 11772 --- [main] o.s.b.w.servlet.FilterRegistrationBean   : Mapping filter: 'resourceUrlEncodingFilter' to: [/*]
2017-09-22 11:26:20.161  INFO 11772 --- [main] s.w.s.m.m.a.RequestMappingHandlerAdapter : Looking for @ControllerAdvice: org.springframework.boot.context.embedded.AnnotationConfigEmbeddedWebApplicationContext@37c7595: startup date [Fri Sep 22 11:26:16 CST 2017]; root of context hierarchy
2017-09-22 11:26:20.302  INFO 11772 --- [main] s.w.s.m.m.a.RequestMappingHandlerMapping : Mapped "{[/hello]}" onto public java.lang.String com.jingao.cn.controller.HelloController.hello()
2017-09-22 11:26:20.308  INFO 11772 --- [main] s.w.s.m.m.a.RequestMappingHandlerMapping : Mapped "{[/error]}" onto public org.springframework.http.ResponseEntity<java.util.Map<java.lang.String, java.lang.Object>> org.springframework.boot.autoconfigure.web.BasicErrorController.error(javax.servlet.http.HttpServletRequest)
2017-09-22 11:26:20.309  INFO 11772 --- [main] s.w.s.m.m.a.RequestMappingHandlerMapping : Mapped "{[/error],produces=[text/html]}" onto public org.springframework.web.servlet.ModelAndView org.springframework.boot.autoconfigure.web.BasicErrorController.errorHtml(javax.servlet.http.HttpServletRequest,javax.servlet.http.HttpServletResponse)
2017-09-22 11:26:20.381  INFO 11772 --- [main] o.s.w.s.handler.SimpleUrlHandlerMapping  : Mapped URL path [/webjars/**] onto handler of type [class org.springframework.web.servlet.resource.ResourceHttpRequestHandler]
2017-09-22 11:26:20.382  INFO 11772 --- [main] o.s.w.s.handler.SimpleUrlHandlerMapping  : Mapped URL path [/**] onto handler of type [class org.springframework.web.servlet.resource.ResourceHttpRequestHandler]
2017-09-22 11:26:20.447  INFO 11772 --- [main] o.s.w.s.handler.SimpleUrlHandlerMapping  : Mapped URL path [/**/favicon.ico] onto handler of type [class org.springframework.web.servlet.resource.ResourceHttpRequestHandler]
2017-09-22 11:26:21.465  INFO 11772 --- [main] o.s.j.e.a.AnnotationMBeanExporter        : Registering beans for JMX exposure on startup
2017-09-22 11:26:21.551  INFO 11772 --- [main] b.c.e.u.UndertowEmbeddedServletContainer : Undertow started on port(s) 8000 (http)
2017-09-22 11:26:21.572  INFO 11772 --- [main] c.j.cn.SpringbootGradleIdeaApplication   : Started SpringbootGradleIdeaApplication in 6.769 seconds (JVM running for 10.072)
2017-09-22 11:26:30.982  INFO 11772 --- [XNIO-2 task-1] io.undertow.servlet                      : Initializing Spring FrameworkServlet 'dispatcherServlet'
2017-09-22 11:26:30.982  INFO 11772 --- [XNIO-2 task-1] o.s.web.servlet.DispatcherServlet        : FrameworkServlet 'dispatcherServlet': initialization started
2017-09-22 11:26:31.000  INFO 11772 --- [XNIO-2 task-1] o.s.web.servlet.DispatcherServlet        : FrameworkServlet 'dispatcherServlet': initialization completed in 18 ms
